Build started 30.11.2013 22:30:19.
     1>Project "D:\Aktuelle Dateien\ultimateFORCE\Eigene Dokumente\Programmierung\assimp_own_work\aiMesh2dot\aiMesh2dot\aiMesh2dot\aiMesh2dot.vcxproj" on node 2 (build target(s)).
     1>InitializeBuildStatus:
         Touching "Debug\aiMesh2dot.unsuccessfulbuild".
       ClCompile:
         All outputs are up-to-date.
         All outputs are up-to-date.
       ManifestResourceCompile:
         All outputs are up-to-date.
       Link:
         C:\Program Files (x86)\Microsoft Visual Studio 10.0\VC\bin\link.exe /ERRORREPORT:PROMPT /OUT:"D:\Aktuelle Dateien\ultimateFORCE\Eigene Dokumente\Programmierung\assimp_own_work\aiMesh2dot\aiMesh2dot\Debug\aiMesh2dot.exe" /INCREMENTAL /NOLOGO /LIBPATH:"D:\Aktuelle Dateien\ultimateFORCE\Eigene Dokumente\Programmierung\Spiel\assimp3\Assimp\lib\x86" "D:\Aktuelle Dateien\ultimateFORCE\Eigene Dokumente\Programmierung\Spiel\assimp3\Assimp\lib\x86\assimp.lib" kernel32.lib user32.lib gdi32.lib winspool.lib comdlg32.lib advapi32.lib shell32.lib ole32.lib oleaut32.lib uuid.lib odbc32.lib odbccp32.lib /MANIFEST /ManifestFile:"Debug\aiMesh2dot.exe.intermediate.manifest" /MANIFESTUAC:"level='asInvoker' uiAccess='false'" /DEBUG /PDB:"D:\Aktuelle Dateien\ultimateFORCE\Eigene Dokumente\Programmierung\assimp_own_work\aiMesh2dot\aiMesh2dot\Debug\aiMesh2dot.pdb" /SUBSYSTEM:CONSOLE /TLBID:1 /DYNAMICBASE /NXCOMPAT /IMPLIB:"D:\Aktuelle Dateien\ultimateFORCE\Eigene Dokumente\Programmierung\assimp_own_work\aiMesh2dot\aiMesh2dot\Debug\aiMesh2dot.lib" /MACHINE:X86 Debug\aiMesh2dot.exe.embed.manifest.res
         Debug\aiMesh2dot.obj
         Debug\stdafx.obj
       Manifest:
         C:\Program Files (x86)\Microsoft SDKs\Windows\v7.0A\bin\mt.exe /nologo /verbose /out:"Debug\aiMesh2dot.exe.embed.manifest" /manifest Debug\aiMesh2dot.exe.intermediate.manifest
         All outputs are up-to-date.
       LinkEmbedManifest:
         All outputs are up-to-date.
         aiMesh2dot.vcxproj -> D:\Aktuelle Dateien\ultimateFORCE\Eigene Dokumente\Programmierung\assimp_own_work\aiMesh2dot\aiMesh2dot\Debug\aiMesh2dot.exe
       FinalizeBuildStatus:
         Deleting file "Debug\aiMesh2dot.unsuccessfulbuild".
         Touching "Debug\aiMesh2dot.lastbuildstate".
     1>Done Building Project "D:\Aktuelle Dateien\ultimateFORCE\Eigene Dokumente\Programmierung\assimp_own_work\aiMesh2dot\aiMesh2dot\aiMesh2dot\aiMesh2dot.vcxproj" (build target(s)).

Build succeeded.

Time Elapsed 00:00:00.22
